# JRE version: Java(TM) SE Runtime Environment (8.0_191-b12) (build 1.8.0_191-b12)
# Java VM: Java HotSpot(TM) Client VM (25.191-b12 mixed mode windows-x86 )
Heap:
 def new generation   total 157248K, used 157247K [0x05a00000, 0x104a0000, 0x104a0000)
  eden space 139776K, 100% used [0x05a00000, 0x0e280000, 0x0e280000)
  from space 17472K,  99% used [0x0f390000, 0x1049fff0, 0x104a0000)
  to   space 17472K,   0% used [0x0e280000, 0x0e280000, 0x0f390000)
 tenured generation   total 349568K, used 349567K [0x104a0000, 0x25a00000, 0x25a00000)
   the space 349568K,  99% used [0x104a0000, 0x259fffd0, 0x25a00000, 0x25a00000)
 Metaspace       used 21939K, capacity 22538K, committed 22912K, reserved 22912K
GC Heap History (10 events):
Event: 5637.316 GC heap before
{Heap before GC invocations=1478 (full 435):
 def new generation   total 157248K, used 157247K [0x05a00000, 0x104a0000, 0x104a0000)
  eden space 139776K, 100% used [0x05a00000, 0x0e280000, 0x0e280000)
  from space 17472K,  99% used [0x0f390000, 0x1049ffe8, 0x104a0000)
  to   space 17472K,   0% used [0x0e280000, 0x0e280000, 0x0f390000)
 tenured generation   total 349568K, used 349567K [0x104a0000, 0x25a00000, 0x25a00000)
   the space 349568K,  99% used [0x104a0000, 0x259ffff0, 0x25a00000, 0x25a00000)
 Metaspace       used 21939K, capacity 22538K, committed 22912K, reserved 22912K
Event: 5637.720 GC heap after
Heap after GC invocations=1479 (full 436):
 def new generation   total 157248K, used 157247K [0x05a00000, 0x104a0000, 0x104a0000)
  eden space 139776K, 100% used [0x05a00000, 0x0e280000, 0x0e280000)
  from space 17472K,  99% used [0x0f390000, 0x1049ffe8, 0x104a0000)
  to   space 17472K,   0% used [0x0e280000, 0x0e280000, 0x0f390000)
 tenured generation   total 349568K, used 349567K [0x104a0000, 0x25a00000, 0x25a00000)
   the space 349568K,  99% used [0x104a0000, 0x259ffff0, 0x25a00000, 0x25a00000)
 Metaspace       used 21939K, capacity 22538K, committed 22912K, reserved 22912K
}
Event: 5637.720 GC heap before
{Heap before GC invocations=1479 (full 436):
 def new generation   total 157248K, used 157247K [0x05a00000, 0x104a0000, 0x104a0000)
  eden space 139776K, 100% used [0x05a00000, 0x0e280000, 0x0e280000)
  from space 17472K,  99% used [0x0f390000, 0x1049ffe8, 0x104a0000)
  to   space 17472K,   0% used [0x0e280000, 0x0e280000, 0x0f390000)
 tenured generation   total 349568K, used 349567K [0x104a0000, 0x25a00000, 0x25a00000)
   the space 349568K,  99% used [0x104a0000, 0x259ffff0, 0x25a00000, 0x25a00000)
 Metaspace       used 21939K, capacity 22538K, committed 22912K, reserved 22912K
Event: 5638.123 GC heap after
Heap after GC invocations=1480 (full 437):
 def new generation   total 157248K, used 157247K [0x05a00000, 0x104a0000, 0x104a0000)
  eden space 139776K, 100% used [0x05a00000, 0x0e280000, 0x0e280000)
  from space 17472K,  99% used [0x0f390000, 0x1049ffe8, 0x104a0000)
  to   space 17472K,   0% used [0x0e280000, 0x0e280000, 0x0f390000)
 tenured generation   total 349568K, used 349567K [0x104a0000, 0x25a00000, 0x25a00000)
   the space 349568K,  99% used [0x104a0000, 0x259ffff0, 0x25a00000, 0x25a00000)
 Metaspace       used 21939K, capacity 22538K, committed 22912K, reserved 22912K
}
Event: 5638.123 GC heap before
{Heap before GC invocations=1480 (full 437):
 def new generation   total 157248K, used 157247K [0x05a00000, 0x104a0000, 0x104a0000)
  eden space 139776K, 100% used [0x05a00000, 0x0e280000, 0x0e280000)
  from space 17472K,  99% used [0x0f390000, 0x1049fff8, 0x104a0000)
  to   space 17472K,   0% used [0x0e280000, 0x0e280000, 0x0f390000)
 tenured generation   total 349568K, used 349567K [0x104a0000, 0x25a00000, 0x25a00000)
   the space 349568K,  99% used [0x104a0000, 0x259ffff0, 0x25a00000, 0x25a00000)
 Metaspace       used 21939K, capacity 22538K, committed 22912K, reserved 22912K
Event: 5638.526 GC heap after
Heap after GC invocations=1481 (full 438):
 def new generation   total 157248K, used 157247K [0x05a00000, 0x104a0000, 0x104a0000)
  eden space 139776K,  99% used [0x05a00000, 0x0e27ffc8, 0x0e280000)
  from space 17472K,  99% used [0x0f390000, 0x1049ff10, 0x104a0000)
  to   space 17472K,   0% used [0x0e280000, 0x0e280000, 0x0f390000)
 tenured generation   total 349568K, used 349567K [0x104a0000, 0x25a00000, 0x25a00000)
   the space 349568K,  99% used [0x104a0000, 0x259ffff0, 0x25a00000, 0x25a00000)
 Metaspace       used 21939K, capacity 22538K, committed 22912K, reserved 22912K
}
Event: 5638.526 GC heap before
{Heap before GC invocations=1481 (full 438):
 def new generation   total 157248K, used 157247K [0x05a00000, 0x104a0000, 0x104a0000)
  eden space 139776K, 100% used [0x05a00000, 0x0e280000, 0x0e280000)
  from space 17472K,  99% used [0x0f390000, 0x1049ff40, 0x104a0000)
  to   space 17472K,   0% used [0x0e280000, 0x0e280000, 0x0f390000)
 tenured generation   total 349568K, used 349567K [0x104a0000, 0x25a00000, 0x25a00000)
   the space 349568K,  99% used [0x104a0000, 0x259ffff0, 0x25a00000, 0x25a00000)
 Metaspace       used 21939K, capacity 22538K, committed 22912K, reserved 22912K
Event: 5638.939 GC heap after
Heap after GC invocations=1482 (full 439):
 def new generation   total 157248K, used 157247K [0x05a00000, 0x104a0000, 0x104a0000)
  eden space 139776K, 100% used [0x05a00000, 0x0e280000, 0x0e280000)
  from space 17472K,  99% used [0x0f390000, 0x1049fcb0, 0x104a0000)
  to   space 17472K,   0% used [0x0e280000, 0x0e280000, 0x0f390000)
 tenured generation   total 349568K, used 349567K [0x104a0000, 0x25a00000, 0x25a00000)
   the space 349568K,  99% used [0x104a0000, 0x259ffff0, 0x25a00000, 0x25a00000)
 Metaspace       used 21939K, capacity 22538K, committed 22912K, reserved 22912K
}
Event: 5638.939 GC heap before
{Heap before GC invocations=1482 (full 439):
 def new generation   total 157248K, used 157247K [0x05a00000, 0x104a0000, 0x104a0000)
  eden space 139776K, 100% used [0x05a00000, 0x0e280000, 0x0e280000)
  from space 17472K,  99% used [0x0f390000, 0x1049fcb0, 0x104a0000)
  to   space 17472K,   0% used [0x0e280000, 0x0e280000, 0x0f390000)
 tenured generation   total 349568K, used 349567K [0x104a0000, 0x25a00000, 0x25a00000)
   the space 349568K,  99% used [0x104a0000, 0x259ffff0, 0x25a00000, 0x25a00000)
 Metaspace       used 21939K, capacity 22538K, committed 22912K, reserved 22912K
Event: 5639.445 GC heap after
Heap after GC invocations=1483 (full 440):
 def new generation   total 157248K, used 157247K [0x05a00000, 0x104a0000, 0x104a0000)
  eden space 139776K, 100% used [0x05a00000, 0x0e280000, 0x0e280000)
  from space 17472K,  99% used [0x0f390000, 0x1049fcb0, 0x104a0000)
  to   space 17472K,   0% used [0x0e280000, 0x0e280000, 0x0f390000)
 tenured generation   total 349568K, used 349567K [0x104a0000, 0x25a00000, 0x25a00000)
   the space 349568K,  99% used [0x104a0000, 0x259fffb8, 0x25a00000, 0x25a00000)
 Metaspace       used 21939K, capacity 22538K, committed 22912K, reserved 22912K
}

